<?xml version="1.0" encoding="UTF-8"?>
<!-- Generated by org.testng.reporters.JUnitReportReporter -->
<testsuite hostname="GEETAKARUNYAM" failures="0" tests="2" name="sampleTests.SampleTest1" time="0.008" errors="0" timestamp="2023-09-04T09:25:45 IST" skipped="0">
  <testcase classname="sampleTests.SampleTest1" name="test2" time="0.001"/>
  <system-out>
    <![CDATA[Test2]]>
  </system-out>
  <testcase classname="sampleTests.SampleTest1" name="test1" time="0.007"/>
  <system-out>
    <![CDATA[Test1]]>
  </system-out>
</testsuite> <!-- sampleTests.SampleTest1 -->
